<?xml version="1.0" encoding="UTF-8"?>
<!-- Generated by org.testng.reporters.JUnitReportReporter -->
<testsuite hostname="DESKTOP-092J5ON" failures="0" tests="7" name="Homework06.Tests.TestHomePage" time="11.325" errors="0" timestamp="2022-10-09T22:43:41 ART" skipped="3">
  <testcase classname="Homework06.Tests.TestHomePage" name="assertUrl" time="0.039"/>
  <system-out/>
  <testcase classname="Homework06.Tests.TestHomePage" name="testSlider" time="2.177">
    <skipped/>
  </testcase> <!-- testSlider -->
  <system-out/>
  <testcase classname="Homework06.Tests.TestHomePage" name="testGoToDigitalColletions" time="2.527"/>
  <system-out/>
  <testcase classname="Homework06.Tests.TestHomePage" name="testTopSearchs" time="0.270"/>
  <system-out/>
  <testcase classname="Homework06.Tests.TestHomePage" name="testSlider" time="2.101">
    <skipped/>
  </testcase> <!-- testSlider -->
  <system-out/>
  <testcase classname="Homework06.Tests.TestHomePage" name="testSlider" time="2.111">
    <skipped/>
  </testcase> <!-- testSlider -->
  <system-out/>
  <testcase classname="Homework06.Tests.TestHomePage" name="testSlider" time="2.100"/>
  <system-out/>
</testsuite> <!-- Homework06.Tests.TestHomePage -->
