<?xml version="1.0" encoding="UTF-8"?>
<!-- Generated by org.testng.reporters.JUnitReportReporter -->
<testsuite hostname="DESKTOP-092J5ON" failures="0" tests="4" name="Homework06.Tests.TestDigitalCollection" time="15.623" errors="0" timestamp="2022-10-09T22:43:41 ART" skipped="0">
  <testcase classname="Homework06.Tests.TestDigitalCollection" name="searchBox" time="4.516"/>
  <system-out/>
  <testcase classname="Homework06.Tests.TestDigitalCollection" name="searchBox" time="7.407"/>
  <system-out/>
  <testcase classname="Homework06.Tests.TestDigitalCollection" name="assertDigitalCollection" time="0.036"/>
  <system-out/>
  <testcase classname="Homework06.Tests.TestDigitalCollection" name="searchBox" time="3.664"/>
  <system-out/>
</testsuite> <!-- Homework06.Tests.TestDigitalCollection -->
