<?xml version="1.0" encoding="UTF-8"?>
<!-- Generated by org.testng.reporters.JUnitReportReporter -->
<testsuite hostname="DESKTOP-092J5ON" failures="0" tests="4" name="Homework06.Tests.TestSurvey" time="6.770" errors="0" timestamp="2022-10-09T22:43:41 ART" skipped="0">
  <testcase classname="Homework06.Tests.TestSurvey" name="answerQuestions" time="0.282"/>
  <system-out/>
  <testcase classname="Homework06.Tests.TestSurvey" name="goToSurvey" time="0.023"/>
  <system-out/>
  <testcase classname="Homework06.Tests.TestSurvey" name="assertQuestions" time="4.726"/>
  <system-out/>
  <testcase classname="Homework06.Tests.TestSurvey" name="submitSurvey" time="1.739"/>
  <system-out/>
</testsuite> <!-- Homework06.Tests.TestSurvey -->
