<?xml version="1.0" encoding="UTF-8"?>
<!-- Generated by org.testng.reporters.JUnitReportReporter -->
<testsuite hostname="DESKTOP-092J5ON" failures="0" tests="4" name="Homework06.Tests.TestSurvey" time="0.002" errors="0" timestamp="2022-10-07T18:35:07 ART" skipped="4">
  <testcase classname="Homework06.Tests.TestSurvey" name="answerQuestions" time="0.001">
    <skipped/>
  </testcase> <!-- answerQuestions -->
  <system-out/>
  <testcase classname="Homework06.Tests.TestSurvey" name="assertQuestions" time="0.000">
    <skipped/>
  </testcase> <!-- assertQuestions -->
  <system-out/>
  <testcase classname="Homework06.Tests.TestSurvey" name="goToSurvey" time="0.001">
    <skipped/>
  </testcase> <!-- goToSurvey -->
  <system-out/>
  <testcase classname="Homework06.Tests.TestSurvey" name="submitSurvey" time="0.000">
    <skipped/>
  </testcase> <!-- submitSurvey -->
  <system-out/>
</testsuite> <!-- Homework06.Tests.TestSurvey -->
