<?xml version="1.0" encoding="UTF-8"?>
<!-- Generated by org.testng.reporters.JUnitReportReporter -->
<testsuite hostname="DESKTOP-092J5ON" failures="0" tests="4" name="Homework06.Tests.TestHomePage" time="0.000" errors="0" timestamp="2022-10-07T18:35:07 ART" skipped="4">
  <testcase classname="Homework06.Tests.TestHomePage" name="assertUrl" time="0.000">
    <skipped/>
  </testcase> <!-- assertUrl -->
  <system-out/>
  <testcase classname="Homework06.Tests.TestHomePage" name="testGoToDigitalColletions" time="0.000">
    <skipped/>
  </testcase> <!-- testGoToDigitalColletions -->
  <system-out/>
  <testcase classname="Homework06.Tests.TestHomePage" name="testTopSearchs" time="0.000">
    <skipped/>
  </testcase> <!-- testTopSearchs -->
  <system-out/>
  <testcase classname="Homework06.Tests.TestHomePage" name="testSlider" time="0.000">
    <skipped/>
  </testcase> <!-- testSlider -->
  <system-out/>
</testsuite> <!-- Homework06.Tests.TestHomePage -->
